<?xml version="1.0" encoding="UTF-8"?>
<!-- Generated by org.testng.reporters.JUnitReportReporter -->
<testsuite skipped="0" hostname="alaqa" name="com.maven.selenium.TestCase" tests="3" failures="0" timestamp="2020-11-30T21:16:40 EET" time="61.759" errors="0">
  <testcase name="userSuccesregistration" time="21.018" classname="com.maven.selenium.TestCase"/>
  <testcase name="userSucceslogin" time="12.241" classname="com.maven.selenium.TestCase"/>
  <testcase name="userCheckout" time="28.500" classname="com.maven.selenium.TestCase"/>
</testsuite> <!-- com.maven.selenium.TestCase -->
